This is pdfTeX, Version 3.141592653-2.6-1.40.22 (TeX Live 2021) (preloaded format=pdflatex 2021.11.11)  27 NOV 2021 13:38
entering extended mode
 restricted \write18 enabled.
 %&-line parsing enabled.
**describe.tex
(./describe.tex
LaTeX2e <2020-10-01> patch level 4
L3 programming layer <2021-02-18>

! LaTeX Error: Environment spacing undefined.

See the LaTeX manual or LaTeX Companion for explanation.
Type  H <return>  for immediate help.
 ...                                              
                                                  
l.1 \begin{spacing}
                   {0.7}
Your command was ignored.
Type  I <command> <return>  to replace it with another command,
or  <return>  to continue without it.


! LaTeX Error: Missing \begin{document}.

See the LaTeX manual or LaTeX Companion for explanation.
Type  H <return>  for immediate help.
 ...                                              
                                                  
l.1 \begin{spacing}{0
                     .7}
You're in trouble here.  Try typing  <return>  to proceed.
If that doesn't work, type  X <return>  to quit.

Missing character: There is no 0 in font nullfont!
Missing character: There is no . in font nullfont!
Missing character: There is no 7 in font nullfont!

Overfull \hbox (20.0pt too wide) in paragraph at lines 1--2
[] 
 []


Overfull \hbox (13.6402pt too wide) in paragraph at lines 2--2
 \OT1/cmr/bx/n/10 se- 
 []


Overfull \hbox (35.61787pt too wide) in paragraph at lines 2--2
 \OT1/cmr/bx/n/10 lect(df, 
 []


Overfull \hbox (66.833pt too wide) in paragraph at lines 2--2
 \OT1/cmr/bx/n/10 "DBQ223A", 
 []


Overfull \hbox (66.3191pt too wide) in paragraph at lines 2--2
 \OT1/cmr/bx/n/10 "DBQ223B", 
 []


Overfull \hbox (66.4441pt too wide) in paragraph at lines 2--2
 \OT1/cmr/bx/n/10 "DBQ223C", 
 []


Overfull \hbox (66.958pt too wide) in paragraph at lines 2--2
 \OT1/cmr/bx/n/10 "DBQ223D", 
 []


Overfull \hbox (65.6941pt too wide) in paragraph at lines 2--2
 \OT1/cmr/bx/n/10 "DBQ223E", 
 []


Overfull \hbox (68.26353pt too wide) in paragraph at lines 2--2
 \OT1/cmr/bx/n/10 "DBQ223U") 
 []


Overfull \hbox (5.74997pt too wide) in paragraph at lines 2--2
 []\OT1/cmr/bx/n/10 6 
 []


Overfull \hbox (25.09013pt too wide) in paragraph at lines 2--2
 \OT1/cmr/bx/n/10 Vari- 
 []


Overfull \hbox (63.31352pt too wide) in paragraph at lines 2--2
 \OT1/cmr/bx/n/10 ables      9254 
 []


Overfull \hbox (18.86101pt too wide) in paragraph at lines 2--2
 \OT1/cmr/bx/n/10 Ob- 
 []


Overfull \hbox (18.3763pt too wide) in paragraph at lines 2--2
 \OT1/cmr/bx/n/10 ser- 
 []


Overfull \hbox (14.85406pt too wide) in paragraph at lines 2--2
 \OT1/cmr/bx/n/10 va- 
 []


Overfull \hbox (24.34152pt too wide) in paragraph at lines 2--2
 \OT1/cmr/bx/n/10 tions 
 []

! Undefined control sequence.
l.3 \smallskip\hrule\smallskip{\small
                                     
The control sequence at the end of the top line
of your error message was never \def'ed. If you have
misspelled it (e.g., `\hobx'), type `I' and the correct
spelling (e.g., `I\hbox'). Otherwise just continue,
and I'll forget about whatever was undefined.


Overfull \hbox (51.58305pt too wide) in paragraph at lines 4--5
\OT1/cmr/bx/n/10 DBQ223A 
 []

! Undefined control sequence.
l.6 {\smaller
             
The control sequence at the end of the top line
of your error message was never \def'ed. If you have
misspelled it (e.g., `\hobx'), type `I' and the correct
spelling (e.g., `I\hbox'). Otherwise just continue,
and I'll forget about whatever was undefined.

LaTeX Font Info:    External font `cmex10' loaded for size
(Font)              <7> on input line 7.
LaTeX Font Info:    External font `cmex10' loaded for size
(Font)              <5> on input line 7.
Missing character: There is no n in font nullfont!
Missing character: There is no m in font nullfont!
Missing character: There is no i in font nullfont!
Missing character: There is no s in font nullfont!
Missing character: There is no s in font nullfont!
Missing character: There is no i in font nullfont!
Missing character: There is no n in font nullfont!
Missing character: There is no g in font nullfont!
Missing character: There is no d in font nullfont!
Missing character: There is no i in font nullfont!
Missing character: There is no s in font nullfont!
Missing character: There is no t in font nullfont!
Missing character: There is no i in font nullfont!
Missing character: There is no n in font nullfont!
Missing character: There is no c in font nullfont!
Missing character: There is no t in font nullfont!
Missing character: There is no I in font nullfont!
Missing character: There is no n in font nullfont!
Missing character: There is no f in font nullfont!
Missing character: There is no o in font nullfont!
Missing character: There is no M in font nullfont!
Missing character: There is no e in font nullfont!
Missing character: There is no a in font nullfont!
Missing character: There is no n in font nullfont!
Missing character: There is no G in font nullfont!
Missing character: There is no m in font nullfont!
Missing character: There is no d in font nullfont!
Missing character: There is no 2 in font nullfont!
Missing character: There is no 9 in font nullfont!
Missing character: There is no 2 in font nullfont!
Missing character: There is no 4 in font nullfont!
Missing character: There is no 6 in font nullfont!
Missing character: There is no 3 in font nullfont!
Missing character: There is no 3 in font nullfont!
Missing character: There is no 0 in font nullfont!
Missing character: There is no 2 in font nullfont!
Missing character: There is no 0 in font nullfont!
Missing character: There is no . in font nullfont!
Missing character: There is no 0 in font nullfont!
Missing character: There is no 1 in font nullfont!
Missing character: There is no 8 in font nullfont!
Missing character: There is no 1 in font nullfont!
Missing character: There is no 0 in font nullfont!
Missing character: There is no . in font nullfont!
Missing character: There is no 5 in font nullfont!
Missing character: There is no 5 in font nullfont!
Missing character: There is no 1 in font nullfont!
Missing character: There is no . in font nullfont!
Missing character: There is no 0 in font nullfont!
Missing character: There is no 8 in font nullfont!
Missing character: There is no 9 in font nullfont!

Overfull \hbox (20.00002pt too wide) in paragraph at lines 7--10
[][] 
 []


Overfull \hbox (115.499pt too wide) in paragraph at lines 15--15
[]\OT1/cmtt/m/n/10 Value         10    99[] 
 []


Overfull \hbox (115.499pt too wide) in paragraph at lines 15--15
[]\OT1/cmtt/m/n/10 Frequency   2906    18[] 
 []


Overfull \hbox (115.499pt too wide) in paragraph at lines 15--15
[]\OT1/cmtt/m/n/10 Proportion 0.994 0.006[] 
 []


Overfull \hbox (51.06917pt too wide) in paragraph at lines 19--20
\OT1/cmr/bx/n/10 DBQ223B 
 []

! Undefined control sequence.
l.21 {\smaller
              
The control sequence at the end of the top line
of your error message was never \def'ed. If you have
misspelled it (e.g., `\hobx'), type `I' and the correct
spelling (e.g., `I\hbox'). Otherwise just continue,
and I'll forget about whatever was undefined.

Missing character: There is no n in font nullfont!
Missing character: There is no m in font nullfont!
Missing character: There is no i in font nullfont!
Missing character: There is no s in font nullfont!
Missing character: There is no s in font nullfont!
Missing character: There is no i in font nullfont!
Missing character: There is no n in font nullfont!
Missing character: There is no g in font nullfont!
Missing character: There is no d in font nullfont!
Missing character: There is no i in font nullfont!
Missing character: There is no s in font nullfont!
Missing character: There is no t in font nullfont!
Missing character: There is no i in font nullfont!
Missing character: There is no n in font nullfont!
Missing character: There is no c in font nullfont!
Missing character: There is no t in font nullfont!
Missing character: There is no I in font nullfont!
Missing character: There is no n in font nullfont!
Missing character: There is no f in font nullfont!
Missing character: There is no o in font nullfont!
Missing character: There is no M in font nullfont!
Missing character: There is no e in font nullfont!
Missing character: There is no a in font nullfont!
Missing character: There is no n in font nullfont!
Missing character: There is no G in font nullfont!
Missing character: There is no m in font nullfont!
Missing character: There is no d in font nullfont!
Missing character: There is no 2 in font nullfont!
Missing character: There is no 8 in font nullfont!
Missing character: There is no 9 in font nullfont!
Missing character: There is no 4 in font nullfont!
Missing character: There is no 6 in font nullfont!
Missing character: There is no 3 in font nullfont!
Missing character: There is no 6 in font nullfont!
Missing character: There is no 0 in font nullfont!
Missing character: There is no 1 in font nullfont!
Missing character: There is no 0 in font nullfont!
Missing character: There is no 1 in font nullfont!
Missing character: There is no 1 in font nullfont!
Missing character: There is no 0 in font nullfont!

Overfull \hbox (20.00002pt too wide) in paragraph at lines 22--25
[][] 
 []


Overfull \hbox (78.74931pt too wide) in paragraph at lines 30--30
[]\OT1/cmtt/m/n/10 Value        11[] 
 []


Overfull \hbox (78.74931pt too wide) in paragraph at lines 30--30
[]\OT1/cmtt/m/n/10 Frequency  2894[] 
 []


Overfull \hbox (78.74931pt too wide) in paragraph at lines 30--30
[]\OT1/cmtt/m/n/10 Proportion    1[] 
 []


Overfull \hbox (51.19417pt too wide) in paragraph at lines 34--35
\OT1/cmr/bx/n/10 DBQ223C 
 []

! Undefined control sequence.
l.36 {\smaller
              
The control sequence at the end of the top line
of your error message was never \def'ed. If you have
misspelled it (e.g., `\hobx'), type `I' and the correct
spelling (e.g., `I\hbox'). Otherwise just continue,
and I'll forget about whatever was undefined.

Missing character: There is no n in font nullfont!
Missing character: There is no m in font nullfont!
Missing character: There is no i in font nullfont!
Missing character: There is no s in font nullfont!
Missing character: There is no s in font nullfont!
Missing character: There is no i in font nullfont!
Missing character: There is no n in font nullfont!
Missing character: There is no g in font nullfont!
Missing character: There is no d in font nullfont!
Missing character: There is no i in font nullfont!
Missing character: There is no s in font nullfont!
Missing character: There is no t in font nullfont!
Missing character: There is no i in font nullfont!
Missing character: There is no n in font nullfont!
Missing character: There is no c in font nullfont!
Missing character: There is no t in font nullfont!
Missing character: There is no I in font nullfont!
Missing character: There is no n in font nullfont!
Missing character: There is no f in font nullfont!
Missing character: There is no o in font nullfont!
Missing character: There is no M in font nullfont!
Missing character: There is no e in font nullfont!
Missing character: There is no a in font nullfont!
Missing character: There is no n in font nullfont!
Missing character: There is no G in font nullfont!
Missing character: There is no m in font nullfont!
Missing character: There is no d in font nullfont!
Missing character: There is no 8 in font nullfont!
Missing character: There is no 7 in font nullfont!
Missing character: There is no 8 in font nullfont!
Missing character: There is no 8 in font nullfont!
Missing character: There is no 3 in font nullfont!
Missing character: There is no 7 in font nullfont!
Missing character: There is no 6 in font nullfont!
Missing character: There is no 1 in font nullfont!
Missing character: There is no 0 in font nullfont!
Missing character: There is no 1 in font nullfont!
Missing character: There is no 2 in font nullfont!
Missing character: There is no 0 in font nullfont!

Overfull \hbox (20.00002pt too wide) in paragraph at lines 37--40
[][] 
 []


Overfull \hbox (73.49936pt too wide) in paragraph at lines 45--45
[]\OT1/cmtt/m/n/10 Value       12[] 
 []


Overfull \hbox (73.49936pt too wide) in paragraph at lines 45--45
[]\OT1/cmtt/m/n/10 Frequency  878[] 
 []


Overfull \hbox (73.49936pt too wide) in paragraph at lines 45--45
[]\OT1/cmtt/m/n/10 Proportion   1[] 
 []


Overfull \hbox (51.70805pt too wide) in paragraph at lines 49--50
\OT1/cmr/bx/n/10 DBQ223D 
 []

! Undefined control sequence.
l.51 {\smaller
              
The control sequence at the end of the top line
of your error message was never \def'ed. If you have
misspelled it (e.g., `\hobx'), type `I' and the correct
spelling (e.g., `I\hbox'). Otherwise just continue,
and I'll forget about whatever was undefined.

Missing character: There is no n in font nullfont!
Missing character: There is no m in font nullfont!
Missing character: There is no i in font nullfont!
Missing character: There is no s in font nullfont!
Missing character: There is no s in font nullfont!
Missing character: There is no i in font nullfont!
Missing character: There is no n in font nullfont!
Missing character: There is no g in font nullfont!
Missing character: There is no d in font nullfont!
Missing character: There is no i in font nullfont!
Missing character: There is no s in font nullfont!
Missing character: There is no t in font nullfont!
Missing character: There is no i in font nullfont!
Missing character: There is no n in font nullfont!
Missing character: There is no c in font nullfont!
Missing character: There is no t in font nullfont!
Missing character: There is no I in font nullfont!
Missing character: There is no n in font nullfont!
Missing character: There is no f in font nullfont!
Missing character: There is no o in font nullfont!
Missing character: There is no M in font nullfont!
Missing character: There is no e in font nullfont!
Missing character: There is no a in font nullfont!
Missing character: There is no n in font nullfont!
Missing character: There is no G in font nullfont!
Missing character: There is no m in font nullfont!
Missing character: There is no d in font nullfont!
Missing character: There is no 3 in font nullfont!
Missing character: There is no 4 in font nullfont!
Missing character: There is no 2 in font nullfont!
Missing character: There is no 8 in font nullfont!
Missing character: There is no 9 in font nullfont!
Missing character: There is no 1 in font nullfont!
Missing character: There is no 2 in font nullfont!
Missing character: There is no 1 in font nullfont!
Missing character: There is no 0 in font nullfont!
Missing character: There is no 1 in font nullfont!
Missing character: There is no 3 in font nullfont!
Missing character: There is no 0 in font nullfont!

Overfull \hbox (20.00002pt too wide) in paragraph at lines 52--55
[][] 
 []


Overfull \hbox (73.49936pt too wide) in paragraph at lines 60--60
[]\OT1/cmtt/m/n/10 Value       13[] 
 []


Overfull \hbox (73.49936pt too wide) in paragraph at lines 60--60
[]\OT1/cmtt/m/n/10 Frequency  342[] 
 []


Overfull \hbox (73.49936pt too wide) in paragraph at lines 60--60
[]\OT1/cmtt/m/n/10 Proportion   1[] 
 []


Overfull \hbox (50.44417pt too wide) in paragraph at lines 64--65
\OT1/cmr/bx/n/10 DBQ223E 
 []

! Undefined control sequence.
l.66 {\smaller
              
The control sequence at the end of the top line
of your error message was never \def'ed. If you have
misspelled it (e.g., `\hobx'), type `I' and the correct
spelling (e.g., `I\hbox'). Otherwise just continue,
and I'll forget about whatever was undefined.

Missing character: There is no n in font nullfont!
Missing character: There is no m in font nullfont!
Missing character: There is no i in font nullfont!
Missing character: There is no s in font nullfont!
Missing character: There is no s in font nullfont!
Missing character: There is no i in font nullfont!
Missing character: There is no n in font nullfont!
Missing character: There is no g in font nullfont!
Missing character: There is no d in font nullfont!
Missing character: There is no i in font nullfont!
Missing character: There is no s in font nullfont!
Missing character: There is no t in font nullfont!
Missing character: There is no i in font nullfont!
Missing character: There is no n in font nullfont!
Missing character: There is no c in font nullfont!
Missing character: There is no t in font nullfont!
Missing character: There is no I in font nullfont!
Missing character: There is no n in font nullfont!
Missing character: There is no f in font nullfont!
Missing character: There is no o in font nullfont!
Missing character: There is no M in font nullfont!
Missing character: There is no e in font nullfont!
Missing character: There is no a in font nullfont!
Missing character: There is no n in font nullfont!
Missing character: There is no G in font nullfont!
Missing character: There is no m in font nullfont!
Missing character: There is no d in font nullfont!
Missing character: There is no 1 in font nullfont!
Missing character: There is no 8 in font nullfont!
Missing character: There is no 9 in font nullfont!
Missing character: There is no 9 in font nullfont!
Missing character: There is no 0 in font nullfont!
Missing character: There is no 6 in font nullfont!
Missing character: There is no 5 in font nullfont!
Missing character: There is no 1 in font nullfont!
Missing character: There is no 0 in font nullfont!
Missing character: There is no 1 in font nullfont!
Missing character: There is no 4 in font nullfont!
Missing character: There is no 0 in font nullfont!

Overfull \hbox (20.00002pt too wide) in paragraph at lines 67--70
[][] 
 []


Overfull \hbox (73.49936pt too wide) in paragraph at lines 75--75
[]\OT1/cmtt/m/n/10 Value       14[] 
 []


Overfull \hbox (73.49936pt too wide) in paragraph at lines 75--75
[]\OT1/cmtt/m/n/10 Frequency  189[] 
 []


Overfull \hbox (73.49936pt too wide) in paragraph at lines 75--75
[]\OT1/cmtt/m/n/10 Proportion   1[] 
 []


Overfull \hbox (51.73582pt too wide) in paragraph at lines 79--80
\OT1/cmr/bx/n/10 DBQ223U 
 []

! Undefined control sequence.
l.81 {\smaller
              
The control sequence at the end of the top line
of your error message was never \def'ed. If you have
misspelled it (e.g., `\hobx'), type `I' and the correct
spelling (e.g., `I\hbox'). Otherwise just continue,
and I'll forget about whatever was undefined.

Missing character: There is no n in font nullfont!
Missing character: There is no m in font nullfont!
Missing character: There is no i in font nullfont!
Missing character: There is no s in font nullfont!
Missing character: There is no s in font nullfont!
Missing character: There is no i in font nullfont!
Missing character: There is no n in font nullfont!
Missing character: There is no g in font nullfont!
Missing character: There is no d in font nullfont!
Missing character: There is no i in font nullfont!
Missing character: There is no s in font nullfont!
Missing character: There is no t in font nullfont!
Missing character: There is no i in font nullfont!
Missing character: There is no n in font nullfont!
Missing character: There is no c in font nullfont!
Missing character: There is no t in font nullfont!
Missing character: There is no I in font nullfont!
Missing character: There is no n in font nullfont!
Missing character: There is no f in font nullfont!
Missing character: There is no o in font nullfont!
Missing character: There is no M in font nullfont!
Missing character: There is no e in font nullfont!
Missing character: There is no a in font nullfont!
Missing character: There is no n in font nullfont!
Missing character: There is no G in font nullfont!
Missing character: There is no m in font nullfont!
Missing character: There is no d in font nullfont!
Missing character: There is no 6 in font nullfont!
Missing character: There is no 7 in font nullfont!
Missing character: There is no 9 in font nullfont!
Missing character: There is no 8 in font nullfont!
Missing character: There is no 5 in font nullfont!
Missing character: There is no 7 in font nullfont!
Missing character: There is no 5 in font nullfont!
Missing character: There is no 1 in font nullfont!
Missing character: There is no 0 in font nullfont!
Missing character: There is no 3 in font nullfont!
Missing character: There is no 0 in font nullfont!
Missing character: There is no 0 in font nullfont!

Overfull \hbox (20.00002pt too wide) in paragraph at lines 82--85
[][] 
 []


Overfull \hbox (73.49936pt too wide) in paragraph at lines 90--90
[]\OT1/cmtt/m/n/10 Value       30[] 
 []


Overfull \hbox (73.49936pt too wide) in paragraph at lines 90--90
[]\OT1/cmtt/m/n/10 Frequency  679[] 
 []


Overfull \hbox (73.49936pt too wide) in paragraph at lines 90--90
[]\OT1/cmtt/m/n/10 Proportion   1[] 
 []


! LaTeX Error: \begin{document} ended by \end{spacing}.

See the LaTeX manual or LaTeX Companion for explanation.
Type  H <return>  for immediate help.
 ...                                              
                                                  
l.94 }\end{spacing}
                   
Your command was ignored.
Type  I <command> <return>  to replace it with another command,
or  <return>  to continue without it.

)
! Emergency stop.
<*> describe.tex
                
*** (job aborted, no legal \end found)

 
Here is how much of TeX's memory you used:
 25 strings out of 478994
 480 string characters out of 5858183
 290044 words of memory out of 5000000
 17609 multiletter control sequences out of 15000+600000
 403906 words of font info for 29 fonts, out of 8000000 for 9000
 1141 hyphenation exceptions out of 8191
 19i,7n,15p,205b,202s stack positions out of 5000i,500n,10000p,200000b,80000s
!  ==> Fatal error occurred, no output PDF file produced!
